almaty
ankara
barcelona
barnaul
bogota
budapest
buffalo
byronbay
caracas
chelyabinsk
chiangmai
delhi
dnepropetrovsk
donetsk
guadalajara
haifa
herson
honolulu
istanbul
johannesburg
kazan
khabarovsk
khanty-mansiysk
kharkiv
krasnodar
krasnoyarsk
kuala_lumpur
kyiv
lima
london
luhansk
luxembourg
lviv
maalot_tarshiha
manila
merida
mexico_city
miami
milan
minsk
morelia
moscow
navadvip
new_york
nizhny_novgorod
novgorod_the_great
novosibirsk
odessa
omsk
orenburg
petropavl
petropavlovsk_kamchatsky
perm
port_luis
prague
quito
riga
rome
rostov_on_don
saint_petersburg
salt_lake_city
samara
san_luis_potosi
san_paulo
shenzhen
simferopol
singapore
smolensk
sochi
soquel
stavropol
sukhum
surgut
sydney
tampere
tijuana
timmins
tolyatti
tomsk
ufa
vancouver
veracruz
vinnitsa
vladivostok
volgograd
voronezh
wroclaw
yaroslavl
yekaterinburg
yoshkar_ola
yuzhno_sakhalinsk
zaporizhia
